c:\users\danbo\onedrive\documents\github\gd1p03-2dgp\sfml platformer\box2d_sfml1\x64\debug\vc142.pdb
c:\users\danbo\onedrive\documents\github\gd1p03-2dgp\sfml platformer\box2d_sfml1\x64\debug\vc142.idb
c:\users\danbo\onedrive\documents\github\gd1p03-2dgp\sfml platformer\sfml platformer\x64\debug\vc142.pdb
c:\users\danbo\onedrive\documents\github\gd1p03-2dgp\sfml platformer\sfml platformer\x64\debug\vc142.idb
c:\users\danbo\onedrive\documents\github\gd1p03-2dgp\sfml platformer\sfml platformer\x64\debug\rocket.obj
c:\users\danbo\onedrive\documents\github\gd1p03-2dgp\sfml platformer\sfml platformer\x64\debug\object.obj
c:\users\danbo\onedrive\documents\github\gd1p03-2dgp\sfml platformer\sfml platformer\x64\debug\player.obj
c:\users\danbo\onedrive\documents\github\gd1p03-2dgp\sfml platformer\sfml platformer\x64\debug\particles.obj
c:\users\danbo\onedrive\documents\github\gd1p03-2dgp\sfml platformer\sfml platformer\x64\debug\particlemanager.obj
c:\users\danbo\onedrive\documents\github\gd1p03-2dgp\sfml platformer\sfml platformer\x64\debug\manager.obj
c:\users\danbo\onedrive\documents\github\gd1p03-2dgp\sfml platformer\sfml platformer\x64\debug\main.obj
c:\users\danbo\onedrive\documents\github\gd1p03-2dgp\sfml platformer\sfml platformer\x64\debug\levelobstacle.obj
c:\users\danbo\onedrive\documents\github\gd1p03-2dgp\sfml platformer\sfml platformer\x64\debug\levelmanager.obj
c:\users\danbo\onedrive\documents\github\gd1p03-2dgp\sfml platformer\sfml platformer\x64\debug\grapplepoint.obj
c:\users\danbo\onedrive\documents\github\gd1p03-2dgp\sfml platformer\sfml platformer\x64\debug\box2d.obj
c:\users\danbo\onedrive\documents\github\gd1p03-2dgp\sfml platformer\sfml platformer\x64\debug\menu.obj
c:\users\danbo\onedrive\documents\github\gd1p03-2dgp\sfml platformer\sfml platformer\x64\debug\turret.obj
c:\users\danbo\onedrive\documents\github\gd1p03-2dgp\sfml platformer\sfml platformer\x64\debug\goal.obj
c:\users\danbo\onedrive\documents\github\gd1p03-2dgp\sfml platformer\x64\debug\sfml platformer.exe
c:\users\danbo\onedrive\documents\github\gd1p03-2dgp\sfml platformer\sfml platformer\x64\debug\sfml platformer.ilk
c:\users\danbo\onedrive\documents\github\gd1p03-2dgp\sfml platformer\x64\debug\sfml platformer.pdb
c:\users\danbo\onedrive\documents\github\gd1p03-2dgp\sfml platformer\sfml platformer\x64\debug\cexample.obj
c:\users\danbo\onedrive\documents\github\gd1p03-2dgp\sfml platformer\sfml platformer\x64\debug\collider.obj
c:\users\danbo\onedrive\documents\github\gd1p03-2dgp\sfml platformer\sfml platformer\x64\debug\level.obj
c:\users\danbo\onedrive\documents\github\gd1p03-2dgp\sfml platformer\sfml platformer\x64\debug\obstacle.obj
c:\users\danbo\onedrive\documents\github\gd1p03-2dgp\sfml platformer\sfml platformer\x64\debug\sprite.obj
c:\users\danbo\onedrive\documents\github\gd1p03-2dgp\sfml platformer\sfml platformer\x64\debug\world.obj
c:\users\danbo\onedrive\documents\github\gd1p03-2dgp\sfml platformer\sfml platformer\x64\debug\grapplepoint.obj.enc
c:\users\danbo\onedrive\documents\github\gd1p03-2dgp\sfml platformer\sfml platformer\x64\debug\main.obj.enc
c:\users\danbo\onedrive\documents\github\gd1p03-2dgp\sfml platformer\sfml platformer\x64\debug\menu.obj.enc
c:\users\danbo\onedrive\documents\github\gd1p03-2dgp\sfml platformer\sfml platformer\x64\debug\sfml platformer.tlog\cl.command.1.tlog
c:\users\danbo\onedrive\documents\github\gd1p03-2dgp\sfml platformer\sfml platformer\x64\debug\sfml platformer.tlog\cl.read.1.tlog
c:\users\danbo\onedrive\documents\github\gd1p03-2dgp\sfml platformer\sfml platformer\x64\debug\sfml platformer.tlog\cl.write.1.tlog
c:\users\danbo\onedrive\documents\github\gd1p03-2dgp\sfml platformer\sfml platformer\x64\debug\sfml platformer.tlog\link.command.1.tlog
c:\users\danbo\onedrive\documents\github\gd1p03-2dgp\sfml platformer\sfml platformer\x64\debug\sfml platformer.tlog\link.read.1.tlog
c:\users\danbo\onedrive\documents\github\gd1p03-2dgp\sfml platformer\sfml platformer\x64\debug\sfml platformer.tlog\link.write.1.tlog
