  Manager.cpp
C:\Users\danbo\OneDrive\Documents\GitHub\GD1P03-2DGP\SFML Game\SFML Game\SFML Game\Manager.cpp(33,18): warning C4244: 'initializing': conversion from 'T' to 'int', possible loss of data
          with
          [
              T=float
          ]
C:\Users\danbo\OneDrive\Documents\GitHub\GD1P03-2DGP\SFML Game\SFML Game\SFML Game\Manager.cpp(34,18): warning C4244: 'initializing': conversion from 'T' to 'int', possible loss of data
          with
          [
              T=float
          ]
C:\Users\danbo\OneDrive\Documents\GitHub\GD1P03-2DGP\SFML Game\SFML Game\SFML Game\Manager.cpp(36,13): warning C4244: 'return': conversion from 'double' to 'float', possible loss of data
C:\Users\danbo\OneDrive\Documents\GitHub\GD1P03-2DGP\SFML Game\SFML Game\SFML Game\Manager.cpp(338,45): warning C4244: 'argument': conversion from 'int' to 'T', possible loss of data
          with
          [
              T=float
          ]
C:\Users\danbo\OneDrive\Documents\GitHub\GD1P03-2DGP\SFML Game\SFML Game\SFML Game\Manager.cpp(338,31): warning C4244: 'argument': conversion from 'int' to 'T', possible loss of data
          with
          [
              T=float
          ]
C:\Users\danbo\OneDrive\Documents\GitHub\GD1P03-2DGP\SFML Game\SFML Game\SFML Game\Manager.cpp(595,20): warning C4305: '+=': truncation from 'double' to 'float'
C:\Users\danbo\OneDrive\Documents\GitHub\GD1P03-2DGP\SFML Game\SFML Game\SFML Game\Manager.cpp(603,20): warning C4305: '-=': truncation from 'double' to 'float'
C:\Users\danbo\OneDrive\Documents\GitHub\GD1P03-2DGP\SFML Game\SFML Game\SFML Game\Manager.cpp(686,26): warning C4244: 'argument': conversion from 'int' to 'float', possible loss of data
  Generating code
  1 of 505 functions ( 0.2%) were compiled, the rest were copied from previous compilation.
    0 functions were new in current compilation
    8 functions had inline decision re-evaluated but remain unchanged
  Finished generating code
  SFML Game.vcxproj -> C:\Users\danbo\OneDrive\Documents\GitHub\GD1P03-2DGP\SFML Game\SFML Game\Release\SFML Game.exe
