c:\users\danbo\onedrive\documents\github\gd1p03-2dgp\sfml paint tool\debug\vc142.pdb
c:\users\danbo\onedrive\documents\github\gd1p03-2dgp\sfml paint tool\debug\vc142.idb
c:\users\danbo\onedrive\documents\github\gd1p03-2dgp\sfml paint tool\debug\main.obj
c:\users\danbo\onedrive\documents\github\gd1p03-2dgp\sfml paint tool\debug\cpainttool.obj
c:\users\danbo\onedrive\documents\github\gd1p03-2dgp\sfml paint tool\debug\painttoolmanager.obj
c:\users\danbo\onedrive\documents\github\gd1p03-2dgp\sfml paint tool\debug\sfml paint tool.exe
c:\users\danbo\onedrive\documents\github\gd1p03-2dgp\sfml paint tool\debug\sfml paint tool.ilk
c:\users\danbo\onedrive\documents\github\gd1p03-2dgp\sfml paint tool\debug\sfml paint tool.pdb
c:\users\danbo\onedrive\documents\github\gd1p03-2dgp\sfml paint tool\debug\sfml exercises week 2.ilk
c:\users\danbo\onedrive\documents\github\gd1p03-2dgp\sfml paint tool\debug\sfml setup.ilk
c:\users\danbo\onedrive\documents\github\gd1p03-2dgp\sfml paint tool\debug\sfml paint tool.res
c:\users\danbo\onedrive\documents\github\gd1p03-2dgp\sfml paint tool\debug\sfml exercises week 2.pdb
c:\users\danbo\onedrive\documents\github\gd1p03-2dgp\sfml paint tool\debug\sfml setup.pdb
c:\users\danbo\onedrive\documents\github\gd1p03-2dgp\sfml paint tool\debug\sfml paint tool.tlog\cl.command.1.tlog
c:\users\danbo\onedrive\documents\github\gd1p03-2dgp\sfml paint tool\debug\sfml paint tool.tlog\cl.read.1.tlog
c:\users\danbo\onedrive\documents\github\gd1p03-2dgp\sfml paint tool\debug\sfml paint tool.tlog\cl.write.1.tlog
c:\users\danbo\onedrive\documents\github\gd1p03-2dgp\sfml paint tool\debug\sfml paint tool.tlog\link.command.1.tlog
c:\users\danbo\onedrive\documents\github\gd1p03-2dgp\sfml paint tool\debug\sfml paint tool.tlog\link.delete.1.tlog
c:\users\danbo\onedrive\documents\github\gd1p03-2dgp\sfml paint tool\debug\sfml paint tool.tlog\link.read.1.tlog
c:\users\danbo\onedrive\documents\github\gd1p03-2dgp\sfml paint tool\debug\sfml paint tool.tlog\link.write.1.tlog
c:\users\danbo\onedrive\documents\github\gd1p03-2dgp\sfml paint tool\debug\sfml paint tool.tlog\rc.command.1.tlog
