C:\Program Files (x86)\Microsoft Visual Studio\2019\Community\MSBuild\Microsoft\VC\v160\Microsoft.CppBuild.targets(513,5): warning MSB8028: The intermediate directory (Release\) contains files shared from another project (SFML Exercises Week 2.vcxproj).  This can lead to incorrect clean and rebuild behavior.
  main.cpp
C:\Users\danbo\OneDrive\Documents\GitHub\GD1P03-2DGP\SFML Paint Tool\main.cpp(33,21): warning C4244: 'initializing': conversion from 'int' to 'float', possible loss of data
C:\Users\danbo\OneDrive\Documents\GitHub\GD1P03-2DGP\SFML Paint Tool\main.cpp(56,64): warning C4244: 'argument': conversion from 'int' to 'float', possible loss of data
C:\Users\danbo\OneDrive\Documents\GitHub\GD1P03-2DGP\SFML Paint Tool\main.cpp(56,49): warning C4244: 'argument': conversion from 'int' to 'float', possible loss of data
C:\Users\danbo\OneDrive\Documents\GitHub\GD1P03-2DGP\SFML Paint Tool\main.cpp(57,69): warning C4244: 'argument': conversion from 'int' to 'float', possible loss of data
C:\Users\danbo\OneDrive\Documents\GitHub\GD1P03-2DGP\SFML Paint Tool\main.cpp(57,52): warning C4244: 'argument': conversion from 'int' to 'float', possible loss of data
C:\Users\danbo\OneDrive\Documents\GitHub\GD1P03-2DGP\SFML Paint Tool\main.cpp(63,83): warning C4244: 'argument': conversion from 'int' to 'T', possible loss of data
          with
          [
              T=float
          ]
C:\Users\danbo\OneDrive\Documents\GitHub\GD1P03-2DGP\SFML Paint Tool\main.cpp(63,65): warning C4244: 'argument': conversion from 'int' to 'T', possible loss of data
          with
          [
              T=float
          ]
C:\Users\danbo\OneDrive\Documents\GitHub\GD1P03-2DGP\SFML Paint Tool\main.cpp(65,73): warning C4244: 'argument': conversion from 'int' to 'T', possible loss of data
          with
          [
              T=float
          ]
C:\Users\danbo\OneDrive\Documents\GitHub\GD1P03-2DGP\SFML Paint Tool\main.cpp(65,48): warning C4244: 'argument': conversion from 'int' to 'T', possible loss of data
          with
          [
              T=float
          ]
C:\Users\danbo\OneDrive\Documents\GitHub\GD1P03-2DGP\SFML Paint Tool\main.cpp(68,78): warning C4244: 'argument': conversion from 'int' to 'T', possible loss of data
          with
          [
              T=float
          ]
C:\Users\danbo\OneDrive\Documents\GitHub\GD1P03-2DGP\SFML Paint Tool\main.cpp(68,60): warning C4244: 'argument': conversion from 'int' to 'T', possible loss of data
          with
          [
              T=float
          ]
C:\Users\danbo\OneDrive\Documents\GitHub\GD1P03-2DGP\SFML Paint Tool\main.cpp(71,49): warning C4244: 'argument': conversion from 'int' to 'float', possible loss of data
C:\Users\danbo\OneDrive\Documents\GitHub\GD1P03-2DGP\SFML Paint Tool\main.cpp(73,60): warning C4244: 'argument': conversion from 'int' to 'T', possible loss of data
          with
          [
              T=float
          ]
C:\Users\danbo\OneDrive\Documents\GitHub\GD1P03-2DGP\SFML Paint Tool\main.cpp(81,44): warning C4244: 'argument': conversion from 'int' to 'float', possible loss of data
  Generating code
  1 of 146 functions ( 0.7%) were compiled, the rest were copied from previous compilation.
    0 functions were new in current compilation
    0 functions had inline decision re-evaluated but remain unchanged
  Finished generating code
  SFML Setup.vcxproj -> C:\Users\danbo\OneDrive\Documents\GitHub\GD1P03-2DGP\SFML Paint Tool\Release\SFML Paint Tool.exe
