  Button.cpp
  Door.cpp
  Level.cpp
  Main.cpp
  Manager.cpp
C:\Users\danbo\OneDrive\Documents\GitHub\GD1P03-2DGP\SFML Game\SFML Game\SFML Game\Manager.cpp(33,18): warning C4244: 'initializing': conversion from 'T' to 'int', possible loss of data
          with
          [
              T=float
          ]
C:\Users\danbo\OneDrive\Documents\GitHub\GD1P03-2DGP\SFML Game\SFML Game\SFML Game\Manager.cpp(34,18): warning C4244: 'initializing': conversion from 'T' to 'int', possible loss of data
          with
          [
              T=float
          ]
C:\Users\danbo\OneDrive\Documents\GitHub\GD1P03-2DGP\SFML Game\SFML Game\SFML Game\Manager.cpp(36,13): warning C4244: 'return': conversion from 'double' to 'float', possible loss of data
C:\Users\danbo\OneDrive\Documents\GitHub\GD1P03-2DGP\SFML Game\SFML Game\SFML Game\Manager.cpp(326,45): warning C4244: 'argument': conversion from 'int' to 'T', possible loss of data
          with
          [
              T=float
          ]
C:\Users\danbo\OneDrive\Documents\GitHub\GD1P03-2DGP\SFML Game\SFML Game\SFML Game\Manager.cpp(326,31): warning C4244: 'argument': conversion from 'int' to 'T', possible loss of data
          with
          [
              T=float
          ]
C:\Users\danbo\OneDrive\Documents\GitHub\GD1P03-2DGP\SFML Game\SFML Game\SFML Game\Manager.cpp(597,20): warning C4305: '+=': truncation from 'double' to 'float'
C:\Users\danbo\OneDrive\Documents\GitHub\GD1P03-2DGP\SFML Game\SFML Game\SFML Game\Manager.cpp(605,20): warning C4305: '-=': truncation from 'double' to 'float'
C:\Users\danbo\OneDrive\Documents\GitHub\GD1P03-2DGP\SFML Game\SFML Game\SFML Game\Manager.cpp(688,26): warning C4244: 'argument': conversion from 'int' to 'float', possible loss of data
  Player.cpp
C:\Users\danbo\OneDrive\Documents\GitHub\GD1P03-2DGP\SFML Game\SFML Game\SFML Game\Player.cpp(90,24): warning C4305: '+=': truncation from 'double' to 'float'
C:\Users\danbo\OneDrive\Documents\GitHub\GD1P03-2DGP\SFML Game\SFML Game\SFML Game\Player.cpp(99,24): warning C4305: '-=': truncation from 'double' to 'float'
  Generating Code...
  SFML Game.vcxproj -> C:\Users\danbo\OneDrive\Documents\GitHub\GD1P03-2DGP\SFML Game\SFML Game\Debug\SFML Game.exe
